This file contains any messages produced by compilers while
running configure, to aid debugging if configure makes a mistake.

It was created by configure, which was
generated by GNU Autoconf 2.64.  Invocation command line was

  $ ./configure --disable-gbz80-port --disable-z80-port --disable-ds390-port --disable-ds400-port --disable-pic14-port --disable-pic16-port --disable-hc08-port --disable-r2k-port --disable-z180-port --disable-sdcdb --disable-ucsim --disable-werror

## --------- ##
## Platform. ##
## --------- ##

hostname = MacBonsok.local
uname -m = x86_64
uname -r = 21.5.0
uname -s = Darwin
uname -v = Darwin Kernel Version 21.5.0: Tue Apr 26 21:08:22 PDT 2022; root:xnu-8020.121.3~4/RELEASE_X86_64

/usr/bin/uname -p = i386
/bin/uname -X     = unknown

/bin/arch              = unknown
/usr/bin/arch -k       = unknown
/usr/convex/getsysinfo = unknown
/usr/bin/hostinfo      = Mach kernel version:
	 Darwin Kernel Version 21.5.0: Tue Apr 26 21:08:22 PDT 2022; root:xnu-8020.121.3~4/RELEASE_X86_64
Kernel configured for up to 4 processors.
2 processors are physically available.
4 processors are logically available.
Processor type: x86_64h (Intel x86-64h Haswell)
Processors active: 0 1 2 3
Primary memory available: 8.00 gigabytes
Default processor set: 558 tasks, 2623 threads, 4 processors
Load average: 3.76, Mach factor: 0.91
/bin/machine           = unknown
/usr/bin/oslevel       = unknown
/bin/universe          = unknown

PATH: /usr/local/mysql/bin
PATH: /Users/Fetiu/gems/bin
PATH: /Users/Fetiu/.local/bin
PATH: /Users/Fetiu/awair-thermostat-firmware/tools/ARM_GNU/OSX/bin
PATH: /Users/Fetiu/Library/Python/3.7/bin
PATH: /usr/local/bin
PATH: /usr/bin
PATH: /bin
PATH: /usr/sbin
PATH: /sbin
PATH: /Applications/VMware Fusion.app/Contents/Public
PATH: /opt/X11/bin
PATH: /Applications/Wireshark.app/Contents/MacOS


## ----------- ##
## Core tests. ##
## ----------- ##

configure:2591: checking build system type
configure:2605: result: x86_64-apple-darwin21.5.0
configure:2625: checking host system type
configure:2638: result: x86_64-apple-darwin21.5.0
configure:2666: checking for gawk
configure:2696: result: no
configure:2666: checking for mawk
configure:2696: result: no
configure:2666: checking for nawk
configure:2696: result: no
configure:2666: checking for awk
configure:2682: found /usr/bin/awk
configure:2693: result: awk
configure:2705: checking version of the package
configure:2709: result: 3.4.1
configure:2816: checking for gcc
configure:2832: found /usr/bin/gcc
configure:2843: result: gcc
configure:3072: checking for C compiler version
configure:3081: gcc --version >&5
Apple clang version 13.1.6 (clang-1316.0.21.2.5)
Target: x86_64-apple-darwin21.5.0
Thread model: posix
InstalledDir: /Library/Developer/CommandLineTools/usr/bin
configure:3092: $? = 0
configure:3081: gcc -v >&5
Apple clang version 13.1.6 (clang-1316.0.21.2.5)
Target: x86_64-apple-darwin21.5.0
Thread model: posix
InstalledDir: /Library/Developer/CommandLineTools/usr/bin
configure:3092: $? = 0
configure:3081: gcc -V >&5
clang: error: argument to '-V' is missing (expected 1 value)
clang: error: no input files
configure:3092: $? = 1
configure:3081: gcc -qversion >&5
clang: error: unknown argument '-qversion'; did you mean '--version'?
clang: error: no input files
configure:3092: $? = 1
configure:3114: checking for C compiler default output file name
configure:3136: gcc    conftest.c  >&5
configure:3140: $? = 0
configure:3177: result: a.out
configure:3193: checking whether the C compiler works
configure:3202: ./a.out
configure:3206: $? = 0
configure:3221: result: yes
configure:3228: checking whether we are cross compiling
configure:3230: result: no
configure:3233: checking for suffix of executables
configure:3240: gcc -o conftest    conftest.c  >&5
configure:3244: $? = 0
configure:3266: result: 
configure:3272: checking for suffix of object files
configure:3294: gcc -c   conftest.c >&5
configure:3298: $? = 0
configure:3319: result: o
configure:3323: checking whether we are using the GNU C compiler
configure:3342: gcc -c   conftest.c >&5
configure:3342: $? = 0
configure:3351: result: yes
configure:3360: checking whether gcc accepts -g
configure:3380: gcc -c -g  conftest.c >&5
configure:3380: $? = 0
configure:3421: result: yes
configure:3438: checking for gcc option to accept ISO C89
configure:3502: gcc  -c -g -O2  conftest.c >&5
configure:3502: $? = 0
configure:3515: result: none needed
configure:3540: checking how to run the C preprocessor
configure:3571: gcc -E  conftest.c
configure:3571: $? = 0
configure:3585: gcc -E  conftest.c
conftest.c:13:10: fatal error: 'ac_nonexistent.h' file not found
#include <ac_nonexistent.h>
         ^~~~~~~~~~~~~~~~~~
1 error generated.
configure:3585: $? = 1
configure: failed program was:
| /* confdefs.h */
| #define PACKAGE_NAME ""
| #define PACKAGE_TARNAME ""
| #define PACKAGE_VERSION ""
| #define PACKAGE_STRING ""
| #define PACKAGE_BUGREPORT ""
| #define PACKAGE_URL ""
| #define SDCC_VERSION_LO 4
| #define SDCC_VERSION_HI 3
| #define SDCC_VERSION_P 1
| #define SDCC_VERSION_STR "3.4.1"
| /* end confdefs.h.  */
| #include <ac_nonexistent.h>
configure:3610: result: gcc -E
configure:3630: gcc -E  conftest.c
configure:3630: $? = 0
configure:3644: gcc -E  conftest.c
conftest.c:13:10: fatal error: 'ac_nonexistent.h' file not found
#include <ac_nonexistent.h>
         ^~~~~~~~~~~~~~~~~~
1 error generated.
configure:3644: $? = 1
configure: failed program was:
| /* confdefs.h */
| #define PACKAGE_NAME ""
| #define PACKAGE_TARNAME ""
| #define PACKAGE_VERSION ""
| #define PACKAGE_STRING ""
| #define PACKAGE_BUGREPORT ""
| #define PACKAGE_URL ""
| #define SDCC_VERSION_LO 4
| #define SDCC_VERSION_HI 3
| #define SDCC_VERSION_P 1
| #define SDCC_VERSION_STR "3.4.1"
| /* end confdefs.h.  */
| #include <ac_nonexistent.h>
configure:3730: checking for g++
configure:3746: found /usr/bin/g++
configure:3757: result: g++
configure:3784: checking for C++ compiler version
configure:3793: g++ --version >&5
Apple clang version 13.1.6 (clang-1316.0.21.2.5)
Target: x86_64-apple-darwin21.5.0
Thread model: posix
InstalledDir: /Library/Developer/CommandLineTools/usr/bin
configure:3804: $? = 0
configure:3793: g++ -v >&5
Apple clang version 13.1.6 (clang-1316.0.21.2.5)
Target: x86_64-apple-darwin21.5.0
Thread model: posix
InstalledDir: /Library/Developer/CommandLineTools/usr/bin
configure:3804: $? = 0
configure:3793: g++ -V >&5
clang: error: argument to '-V' is missing (expected 1 value)
clang: error: no input files
configure:3804: $? = 1
configure:3793: g++ -qversion >&5
clang: error: unknown argument '-qversion'; did you mean '--version'?
clang: error: no input files
configure:3804: $? = 1
configure:3808: checking whether we are using the GNU C++ compiler
configure:3827: g++ -c   conftest.cpp >&5
configure:3827: $? = 0
configure:3836: result: yes
configure:3845: checking whether g++ accepts -g
configure:3865: g++ -c -g  conftest.cpp >&5
configure:3865: $? = 0
configure:3906: result: yes
configure:3943: checking for a BSD-compatible install
configure:4011: result: /usr/bin/install -c
configure:4065: checking for ranlib
configure:4081: found /usr/bin/ranlib
configure:4092: result: ranlib
configure:4116: checking for autoconf
configure:4132: found /usr/local/bin/autoconf
configure:4144: result: autoconf
configure:4154: checking for strip
configure:4170: found /usr/bin/strip
configure:4182: result: strip
configure:4192: checking for as
configure:4208: found /usr/bin/as
configure:4220: result: as
configure:4230: checking for cp
configure:4246: found /bin/cp
configure:4258: result: cp
configure:4268: checking for ar
configure:4284: found /usr/bin/ar
configure:4296: result: ar
configure:4309: checking for flex
configure:4325: found /usr/bin/flex
configure:4336: result: flex
configure:4353: checking for bison
configure:4369: found /usr/bin/bison
configure:4380: result: bison -y
configure:4413: checking for grep that handles long lines and -e
configure:4471: result: /usr/bin/grep
configure:4476: checking for egrep
configure:4538: result: /usr/bin/grep -E
configure:4543: checking for ANSI C header files
configure:4563: gcc -c -g -O2  conftest.c >&5
configure:4563: $? = 0
configure:4636: gcc -o conftest -g -O2   conftest.c  >&5
configure:4636: $? = 0
configure:4636: ./conftest
configure:4636: $? = 0
configure:4647: result: yes
configure:4660: checking for sys/types.h
configure:4660: gcc -c -g -O2  conftest.c >&5
configure:4660: $? = 0
configure:4660: result: yes
configure:4660: checking for sys/stat.h
configure:4660: gcc -c -g -O2  conftest.c >&5
configure:4660: $? = 0
configure:4660: result: yes
configure:4660: checking for stdlib.h
configure:4660: gcc -c -g -O2  conftest.c >&5
configure:4660: $? = 0
configure:4660: result: yes
configure:4660: checking for string.h
configure:4660: gcc -c -g -O2  conftest.c >&5
configure:4660: $? = 0
configure:4660: result: yes
configure:4660: checking for memory.h
configure:4660: gcc -c -g -O2  conftest.c >&5
configure:4660: $? = 0
configure:4660: result: yes
configure:4660: checking for strings.h
configure:4660: gcc -c -g -O2  conftest.c >&5
configure:4660: $? = 0
configure:4660: result: yes
configure:4660: checking for inttypes.h
configure:4660: gcc -c -g -O2  conftest.c >&5
configure:4660: $? = 0
configure:4660: result: yes
configure:4660: checking for stdint.h
configure:4660: gcc -c -g -O2  conftest.c >&5
configure:4660: $? = 0
configure:4660: result: yes
configure:4660: checking for unistd.h
configure:4660: gcc -c -g -O2  conftest.c >&5
configure:4660: $? = 0
configure:4660: result: yes
configure:4676: checking endian.h usability
configure:4676: gcc -c -g -O2  conftest.c >&5
conftest.c:56:10: fatal error: 'endian.h' file not found
#include <endian.h>
         ^~~~~~~~~~
1 error generated.
configure:4676: $? = 1
configure: failed program was:
| /* confdefs.h */
| #define PACKAGE_NAME ""
| #define PACKAGE_TARNAME ""
| #define PACKAGE_VERSION ""
| #define PACKAGE_STRING ""
| #define PACKAGE_BUGREPORT ""
| #define PACKAGE_URL ""
| #define SDCC_VERSION_LO 4
| #define SDCC_VERSION_HI 3
| #define SDCC_VERSION_P 1
| #define SDCC_VERSION_STR "3.4.1"
| #define STDC_HEADERS 1
| #define HAVE_SYS_TYPES_H 1
| #define HAVE_SYS_STAT_H 1
| #define HAVE_STDLIB_H 1
| #define HAVE_STRING_H 1
| #define HAVE_MEMORY_H 1
| #define HAVE_STRINGS_H 1
| #define HAVE_INTTYPES_H 1
| #define HAVE_STDINT_H 1
| #define HAVE_UNISTD_H 1
| /* end confdefs.h.  */
| #include <stdio.h>
| #ifdef HAVE_SYS_TYPES_H
| # include <sys/types.h>
| #endif
| #ifdef HAVE_SYS_STAT_H
| # include <sys/stat.h>
| #endif
| #ifdef STDC_HEADERS
| # include <stdlib.h>
| # include <stddef.h>
| #else
| # ifdef HAVE_STDLIB_H
| #  include <stdlib.h>
| # endif
| #endif
| #ifdef HAVE_STRING_H
| # if !defined STDC_HEADERS && defined HAVE_MEMORY_H
| #  include <memory.h>
| # endif
| # include <string.h>
| #endif
| #ifdef HAVE_STRINGS_H
| # include <strings.h>
| #endif
| #ifdef HAVE_INTTYPES_H
| # include <inttypes.h>
| #endif
| #ifdef HAVE_STDINT_H
| # include <stdint.h>
| #endif
| #ifdef HAVE_UNISTD_H
| # include <unistd.h>
| #endif
| #include <endian.h>
configure:4676: result: no
configure:4676: checking endian.h presence
configure:4676: gcc -E  conftest.c
conftest.c:23:10: fatal error: 'endian.h' file not found
#include <endian.h>
         ^~~~~~~~~~
1 error generated.
configure:4676: $? = 1
configure: failed program was:
| /* confdefs.h */
| #define PACKAGE_NAME ""
| #define PACKAGE_TARNAME ""
| #define PACKAGE_VERSION ""
| #define PACKAGE_STRING ""
| #define PACKAGE_BUGREPORT ""
| #define PACKAGE_URL ""
| #define SDCC_VERSION_LO 4
| #define SDCC_VERSION_HI 3
| #define SDCC_VERSION_P 1
| #define SDCC_VERSION_STR "3.4.1"
| #define STDC_HEADERS 1
| #define HAVE_SYS_TYPES_H 1
| #define HAVE_SYS_STAT_H 1
| #define HAVE_STDLIB_H 1
| #define HAVE_STRING_H 1
| #define HAVE_MEMORY_H 1
| #define HAVE_STRINGS_H 1
| #define HAVE_INTTYPES_H 1
| #define HAVE_STDINT_H 1
| #define HAVE_UNISTD_H 1
| /* end confdefs.h.  */
| #include <endian.h>
configure:4676: result: no
configure:4676: checking for endian.h
configure:4676: result: no
configure:4676: checking sys/endian.h usability
configure:4676: gcc -c -g -O2  conftest.c >&5
conftest.c:56:10: fatal error: 'sys/endian.h' file not found
#include <sys/endian.h>
         ^~~~~~~~~~~~~~
1 error generated.
configure:4676: $? = 1
configure: failed program was:
| /* confdefs.h */
| #define PACKAGE_NAME ""
| #define PACKAGE_TARNAME ""
| #define PACKAGE_VERSION ""
| #define PACKAGE_STRING ""
| #define PACKAGE_BUGREPORT ""
| #define PACKAGE_URL ""
| #define SDCC_VERSION_LO 4
| #define SDCC_VERSION_HI 3
| #define SDCC_VERSION_P 1
| #define SDCC_VERSION_STR "3.4.1"
| #define STDC_HEADERS 1
| #define HAVE_SYS_TYPES_H 1
| #define HAVE_SYS_STAT_H 1
| #define HAVE_STDLIB_H 1
| #define HAVE_STRING_H 1
| #define HAVE_MEMORY_H 1
| #define HAVE_STRINGS_H 1
| #define HAVE_INTTYPES_H 1
| #define HAVE_STDINT_H 1
| #define HAVE_UNISTD_H 1
| /* end confdefs.h.  */
| #include <stdio.h>
| #ifdef HAVE_SYS_TYPES_H
| # include <sys/types.h>
| #endif
| #ifdef HAVE_SYS_STAT_H
| # include <sys/stat.h>
| #endif
| #ifdef STDC_HEADERS
| # include <stdlib.h>
| # include <stddef.h>
| #else
| # ifdef HAVE_STDLIB_H
| #  include <stdlib.h>
| # endif
| #endif
| #ifdef HAVE_STRING_H
| # if !defined STDC_HEADERS && defined HAVE_MEMORY_H
| #  include <memory.h>
| # endif
| # include <string.h>
| #endif
| #ifdef HAVE_STRINGS_H
| # include <strings.h>
| #endif
| #ifdef HAVE_INTTYPES_H
| # include <inttypes.h>
| #endif
| #ifdef HAVE_STDINT_H
| # include <stdint.h>
| #endif
| #ifdef HAVE_UNISTD_H
| # include <unistd.h>
| #endif
| #include <sys/endian.h>
configure:4676: result: no
configure:4676: checking sys/endian.h presence
configure:4676: gcc -E  conftest.c
conftest.c:23:10: fatal error: 'sys/endian.h' file not found
#include <sys/endian.h>
         ^~~~~~~~~~~~~~
1 error generated.
configure:4676: $? = 1
configure: failed program was:
| /* confdefs.h */
| #define PACKAGE_NAME ""
| #define PACKAGE_TARNAME ""
| #define PACKAGE_VERSION ""
| #define PACKAGE_STRING ""
| #define PACKAGE_BUGREPORT ""
| #define PACKAGE_URL ""
| #define SDCC_VERSION_LO 4
| #define SDCC_VERSION_HI 3
| #define SDCC_VERSION_P 1
| #define SDCC_VERSION_STR "3.4.1"
| #define STDC_HEADERS 1
| #define HAVE_SYS_TYPES_H 1
| #define HAVE_SYS_STAT_H 1
| #define HAVE_STDLIB_H 1
| #define HAVE_STRING_H 1
| #define HAVE_MEMORY_H 1
| #define HAVE_STRINGS_H 1
| #define HAVE_INTTYPES_H 1
| #define HAVE_STDINT_H 1
| #define HAVE_UNISTD_H 1
| /* end confdefs.h.  */
| #include <sys/endian.h>
configure:4676: result: no
configure:4676: checking for sys/endian.h
configure:4676: result: no
configure:4676: checking machine/endian.h usability
configure:4676: gcc -c -g -O2  conftest.c >&5
configure:4676: $? = 0
configure:4676: result: yes
configure:4676: checking machine/endian.h presence
configure:4676: gcc -E  conftest.c
configure:4676: $? = 0
configure:4676: result: yes
configure:4676: checking for machine/endian.h
configure:4676: result: yes
configure:4676: checking sys/isa_defs.h usability
configure:4676: gcc -c -g -O2  conftest.c >&5
conftest.c:57:10: fatal error: 'sys/isa_defs.h' file not found
#include <sys/isa_defs.h>
         ^~~~~~~~~~~~~~~~
1 error generated.
configure:4676: $? = 1
configure: failed program was:
| /* confdefs.h */
| #define PACKAGE_NAME ""
| #define PACKAGE_TARNAME ""
| #define PACKAGE_VERSION ""
| #define PACKAGE_STRING ""
| #define PACKAGE_BUGREPORT ""
| #define PACKAGE_URL ""
| #define SDCC_VERSION_LO 4
| #define SDCC_VERSION_HI 3
| #define SDCC_VERSION_P 1
| #define SDCC_VERSION_STR "3.4.1"
| #define STDC_HEADERS 1
| #define HAVE_SYS_TYPES_H 1
| #define HAVE_SYS_STAT_H 1
| #define HAVE_STDLIB_H 1
| #define HAVE_STRING_H 1
| #define HAVE_MEMORY_H 1
| #define HAVE_STRINGS_H 1
| #define HAVE_INTTYPES_H 1
| #define HAVE_STDINT_H 1
| #define HAVE_UNISTD_H 1
| #define HAVE_MACHINE_ENDIAN_H 1
| /* end confdefs.h.  */
| #include <stdio.h>
| #ifdef HAVE_SYS_TYPES_H
| # include <sys/types.h>
| #endif
| #ifdef HAVE_SYS_STAT_H
| # include <sys/stat.h>
| #endif
| #ifdef STDC_HEADERS
| # include <stdlib.h>
| # include <stddef.h>
| #else
| # ifdef HAVE_STDLIB_H
| #  include <stdlib.h>
| # endif
| #endif
| #ifdef HAVE_STRING_H
| # if !defined STDC_HEADERS && defined HAVE_MEMORY_H
| #  include <memory.h>
| # endif
| # include <string.h>
| #endif
| #ifdef HAVE_STRINGS_H
| # include <strings.h>
| #endif
| #ifdef HAVE_INTTYPES_H
| # include <inttypes.h>
| #endif
| #ifdef HAVE_STDINT_H
| # include <stdint.h>
| #endif
| #ifdef HAVE_UNISTD_H
| # include <unistd.h>
| #endif
| #include <sys/isa_defs.h>
configure:4676: result: no
configure:4676: checking sys/isa_defs.h presence
configure:4676: gcc -E  conftest.c
conftest.c:24:10: fatal error: 'sys/isa_defs.h' file not found
#include <sys/isa_defs.h>
         ^~~~~~~~~~~~~~~~
1 error generated.
configure:4676: $? = 1
configure: failed program was:
| /* confdefs.h */
| #define PACKAGE_NAME ""
| #define PACKAGE_TARNAME ""
| #define PACKAGE_VERSION ""
| #define PACKAGE_STRING ""
| #define PACKAGE_BUGREPORT ""
| #define PACKAGE_URL ""
| #define SDCC_VERSION_LO 4
| #define SDCC_VERSION_HI 3
| #define SDCC_VERSION_P 1
| #define SDCC_VERSION_STR "3.4.1"
| #define STDC_HEADERS 1
| #define HAVE_SYS_TYPES_H 1
| #define HAVE_SYS_STAT_H 1
| #define HAVE_STDLIB_H 1
| #define HAVE_STRING_H 1
| #define HAVE_MEMORY_H 1
| #define HAVE_STRINGS_H 1
| #define HAVE_INTTYPES_H 1
| #define HAVE_STDINT_H 1
| #define HAVE_UNISTD_H 1
| #define HAVE_MACHINE_ENDIAN_H 1
| /* end confdefs.h.  */
| #include <sys/isa_defs.h>
configure:4676: result: no
configure:4676: checking for sys/isa_defs.h
configure:4676: result: no
configure:4699: checking how to run the C++ preprocessor
configure:4726: g++ -E  conftest.cpp
configure:4726: $? = 0
configure:4740: g++ -E  conftest.cpp
conftest.cpp:24:10: fatal error: 'ac_nonexistent.h' file not found
#include <ac_nonexistent.h>
         ^~~~~~~~~~~~~~~~~~
1 error generated.
configure:4740: $? = 1
configure: failed program was:
| /* confdefs.h */
| #define PACKAGE_NAME ""
| #define PACKAGE_TARNAME ""
| #define PACKAGE_VERSION ""
| #define PACKAGE_STRING ""
| #define PACKAGE_BUGREPORT ""
| #define PACKAGE_URL ""
| #define SDCC_VERSION_LO 4
| #define SDCC_VERSION_HI 3
| #define SDCC_VERSION_P 1
| #define SDCC_VERSION_STR "3.4.1"
| #define STDC_HEADERS 1
| #define HAVE_SYS_TYPES_H 1
| #define HAVE_SYS_STAT_H 1
| #define HAVE_STDLIB_H 1
| #define HAVE_STRING_H 1
| #define HAVE_MEMORY_H 1
| #define HAVE_STRINGS_H 1
| #define HAVE_INTTYPES_H 1
| #define HAVE_STDINT_H 1
| #define HAVE_UNISTD_H 1
| #define HAVE_MACHINE_ENDIAN_H 1
| /* end confdefs.h.  */
| #include <ac_nonexistent.h>
configure:4765: result: g++ -E
configure:4785: g++ -E  conftest.cpp
configure:4785: $? = 0
configure:4799: g++ -E  conftest.cpp
conftest.cpp:24:10: fatal error: 'ac_nonexistent.h' file not found
#include <ac_nonexistent.h>
         ^~~~~~~~~~~~~~~~~~
1 error generated.
configure:4799: $? = 1
configure: failed program was:
| /* confdefs.h */
| #define PACKAGE_NAME ""
| #define PACKAGE_TARNAME ""
| #define PACKAGE_VERSION ""
| #define PACKAGE_STRING ""
| #define PACKAGE_BUGREPORT ""
| #define PACKAGE_URL ""
| #define SDCC_VERSION_LO 4
| #define SDCC_VERSION_HI 3
| #define SDCC_VERSION_P 1
| #define SDCC_VERSION_STR "3.4.1"
| #define STDC_HEADERS 1
| #define HAVE_SYS_TYPES_H 1
| #define HAVE_SYS_STAT_H 1
| #define HAVE_STDLIB_H 1
| #define HAVE_STRING_H 1
| #define HAVE_MEMORY_H 1
| #define HAVE_STRINGS_H 1
| #define HAVE_INTTYPES_H 1
| #define HAVE_STDINT_H 1
| #define HAVE_UNISTD_H 1
| #define HAVE_MACHINE_ENDIAN_H 1
| /* end confdefs.h.  */
| #include <ac_nonexistent.h>
configure:4831: checking stx/btree_set.h usability
configure:4831: g++ -c -g -O2  conftest.cpp >&5
conftest.cpp:57:10: fatal error: 'stx/btree_set.h' file not found
#include <stx/btree_set.h>
         ^~~~~~~~~~~~~~~~~
1 error generated.
configure:4831: $? = 1
configure: failed program was:
| /* confdefs.h */
| #define PACKAGE_NAME ""
| #define PACKAGE_TARNAME ""
| #define PACKAGE_VERSION ""
| #define PACKAGE_STRING ""
| #define PACKAGE_BUGREPORT ""
| #define PACKAGE_URL ""
| #define SDCC_VERSION_LO 4
| #define SDCC_VERSION_HI 3
| #define SDCC_VERSION_P 1
| #define SDCC_VERSION_STR "3.4.1"
| #define STDC_HEADERS 1
| #define HAVE_SYS_TYPES_H 1
| #define HAVE_SYS_STAT_H 1
| #define HAVE_STDLIB_H 1
| #define HAVE_STRING_H 1
| #define HAVE_MEMORY_H 1
| #define HAVE_STRINGS_H 1
| #define HAVE_INTTYPES_H 1
| #define HAVE_STDINT_H 1
| #define HAVE_UNISTD_H 1
| #define HAVE_MACHINE_ENDIAN_H 1
| /* end confdefs.h.  */
| #include <stdio.h>
| #ifdef HAVE_SYS_TYPES_H
| # include <sys/types.h>
| #endif
| #ifdef HAVE_SYS_STAT_H
| # include <sys/stat.h>
| #endif
| #ifdef STDC_HEADERS
| # include <stdlib.h>
| # include <stddef.h>
| #else
| # ifdef HAVE_STDLIB_H
| #  include <stdlib.h>
| # endif
| #endif
| #ifdef HAVE_STRING_H
| # if !defined STDC_HEADERS && defined HAVE_MEMORY_H
| #  include <memory.h>
| # endif
| # include <string.h>
| #endif
| #ifdef HAVE_STRINGS_H
| # include <strings.h>
| #endif
| #ifdef HAVE_INTTYPES_H
| # include <inttypes.h>
| #endif
| #ifdef HAVE_STDINT_H
| # include <stdint.h>
| #endif
| #ifdef HAVE_UNISTD_H
| # include <unistd.h>
| #endif
| #include <stx/btree_set.h>
configure:4831: result: no
configure:4831: checking stx/btree_set.h presence
configure:4831: g++ -E  conftest.cpp
conftest.cpp:24:10: fatal error: 'stx/btree_set.h' file not found
#include <stx/btree_set.h>
         ^~~~~~~~~~~~~~~~~
1 error generated.
configure:4831: $? = 1
configure: failed program was:
| /* confdefs.h */
| #define PACKAGE_NAME ""
| #define PACKAGE_TARNAME ""
| #define PACKAGE_VERSION ""
| #define PACKAGE_STRING ""
| #define PACKAGE_BUGREPORT ""
| #define PACKAGE_URL ""
| #define SDCC_VERSION_LO 4
| #define SDCC_VERSION_HI 3
| #define SDCC_VERSION_P 1
| #define SDCC_VERSION_STR "3.4.1"
| #define STDC_HEADERS 1
| #define HAVE_SYS_TYPES_H 1
| #define HAVE_SYS_STAT_H 1
| #define HAVE_STDLIB_H 1
| #define HAVE_STRING_H 1
| #define HAVE_MEMORY_H 1
| #define HAVE_STRINGS_H 1
| #define HAVE_INTTYPES_H 1
| #define HAVE_STDINT_H 1
| #define HAVE_UNISTD_H 1
| #define HAVE_MACHINE_ENDIAN_H 1
| /* end confdefs.h.  */
| #include <stx/btree_set.h>
configure:4831: result: no
configure:4831: checking for stx/btree_set.h
configure:4831: result: no
configure:4839: WARNING: STX library missing, using STL instead.
configure:4831: checking stx/btree_map.h usability
configure:4831: g++ -c -g -O2  conftest.cpp >&5
conftest.cpp:57:10: fatal error: 'stx/btree_map.h' file not found
#include <stx/btree_map.h>
         ^~~~~~~~~~~~~~~~~
1 error generated.
configure:4831: $? = 1
configure: failed program was:
| /* confdefs.h */
| #define PACKAGE_NAME ""
| #define PACKAGE_TARNAME ""
| #define PACKAGE_VERSION ""
| #define PACKAGE_STRING ""
| #define PACKAGE_BUGREPORT ""
| #define PACKAGE_URL ""
| #define SDCC_VERSION_LO 4
| #define SDCC_VERSION_HI 3
| #define SDCC_VERSION_P 1
| #define SDCC_VERSION_STR "3.4.1"
| #define STDC_HEADERS 1
| #define HAVE_SYS_TYPES_H 1
| #define HAVE_SYS_STAT_H 1
| #define HAVE_STDLIB_H 1
| #define HAVE_STRING_H 1
| #define HAVE_MEMORY_H 1
| #define HAVE_STRINGS_H 1
| #define HAVE_INTTYPES_H 1
| #define HAVE_STDINT_H 1
| #define HAVE_UNISTD_H 1
| #define HAVE_MACHINE_ENDIAN_H 1
| /* end confdefs.h.  */
| #include <stdio.h>
| #ifdef HAVE_SYS_TYPES_H
| # include <sys/types.h>
| #endif
| #ifdef HAVE_SYS_STAT_H
| # include <sys/stat.h>
| #endif
| #ifdef STDC_HEADERS
| # include <stdlib.h>
| # include <stddef.h>
| #else
| # ifdef HAVE_STDLIB_H
| #  include <stdlib.h>
| # endif
| #endif
| #ifdef HAVE_STRING_H
| # if !defined STDC_HEADERS && defined HAVE_MEMORY_H
| #  include <memory.h>
| # endif
| # include <string.h>
| #endif
| #ifdef HAVE_STRINGS_H
| # include <strings.h>
| #endif
| #ifdef HAVE_INTTYPES_H
| # include <inttypes.h>
| #endif
| #ifdef HAVE_STDINT_H
| # include <stdint.h>
| #endif
| #ifdef HAVE_UNISTD_H
| # include <unistd.h>
| #endif
| #include <stx/btree_map.h>
configure:4831: result: no
configure:4831: checking stx/btree_map.h presence
configure:4831: g++ -E  conftest.cpp
conftest.cpp:24:10: fatal error: 'stx/btree_map.h' file not found
#include <stx/btree_map.h>
         ^~~~~~~~~~~~~~~~~
1 error generated.
configure:4831: $? = 1
configure: failed program was:
| /* confdefs.h */
| #define PACKAGE_NAME ""
| #define PACKAGE_TARNAME ""
| #define PACKAGE_VERSION ""
| #define PACKAGE_STRING ""
| #define PACKAGE_BUGREPORT ""
| #define PACKAGE_URL ""
| #define SDCC_VERSION_LO 4
| #define SDCC_VERSION_HI 3
| #define SDCC_VERSION_P 1
| #define SDCC_VERSION_STR "3.4.1"
| #define STDC_HEADERS 1
| #define HAVE_SYS_TYPES_H 1
| #define HAVE_SYS_STAT_H 1
| #define HAVE_STDLIB_H 1
| #define HAVE_STRING_H 1
| #define HAVE_MEMORY_H 1
| #define HAVE_STRINGS_H 1
| #define HAVE_INTTYPES_H 1
| #define HAVE_STDINT_H 1
| #define HAVE_UNISTD_H 1
| #define HAVE_MACHINE_ENDIAN_H 1
| /* end confdefs.h.  */
| #include <stx/btree_map.h>
configure:4831: result: no
configure:4831: checking for stx/btree_map.h
configure:4831: result: no
configure:4839: WARNING: STX library missing, using STL instead.
configure:4847: checking boost/graph/adjacency_list.hpp usability
configure:4847: g++ -c -g -O2  conftest.cpp >&5
configure:4847: $? = 0
configure:4847: result: yes
configure:4847: checking boost/graph/adjacency_list.hpp presence
configure:4847: g++ -E  conftest.cpp
configure:4847: $? = 0
configure:4847: result: yes
configure:4847: checking for boost/graph/adjacency_list.hpp
configure:4847: result: yes
configure:4875: checking for ccache
configure:4905: result: no
configure:4920: checking for strerror
configure:4920: gcc -o conftest -g -O2   conftest.c  >&5
conftest.c:48:6: warning: incompatible redeclaration of library function 'strerror' [-Wincompatible-library-redeclaration]
char strerror ();
     ^
conftest.c:48:6: note: 'strerror' is a builtin with type 'char *(int)'
1 warning generated.
configure:4920: $? = 0
configure:4920: result: yes
configure:4932: checking for vsnprintf
configure:4932: gcc -o conftest -g -O2   conftest.c  >&5
conftest.c:49:6: warning: incompatible redeclaration of library function 'vsnprintf' [-Wincompatible-library-redeclaration]
char vsnprintf ();
     ^
conftest.c:49:6: note: 'vsnprintf' is a builtin with type 'int (char *, unsigned long, const char *, struct __va_list_tag *)'
1 warning generated.
configure:4932: $? = 0
configure:4932: result: yes
configure:4932: checking for snprintf
configure:4932: gcc -o conftest -g -O2   conftest.c  >&5
conftest.c:50:6: warning: incompatible redeclaration of library function 'snprintf' [-Wincompatible-library-redeclaration]
char snprintf ();
     ^
conftest.c:50:6: note: 'snprintf' is a builtin with type 'int (char *, unsigned long, const char *, ...)'
1 warning generated.
configure:4932: $? = 0
configure:4932: result: yes
configure:4932: checking for vsprintf
configure:4932: gcc -o conftest -g -O2   conftest.c  >&5
conftest.c:51:6: warning: incompatible redeclaration of library function 'vsprintf' [-Wincompatible-library-redeclaration]
char vsprintf ();
     ^
conftest.c:51:6: note: 'vsprintf' is a builtin with type 'int (char *, const char *, struct __va_list_tag *)'
1 warning generated.
configure:4932: $? = 0
configure:4932: result: yes
configure:4932: checking for mkstemp
configure:4932: gcc -o conftest -g -O2   conftest.c  >&5
configure:4932: $? = 0
configure:4932: result: yes
configure:5033: checking whether preprocessor accepts -MM or -M
Apple clang version 13.1.6 (clang-1316.0.21.2.5)
Target: x86_64-apple-darwin21.5.0
Thread model: posix
InstalledDir: /Library/Developer/CommandLineTools/usr/bin
 "/Library/Developer/CommandLineTools/usr/bin/clang" -cc1 -triple x86_64-apple-macosx12.0.0 -Wundef-prefix=TARGET_OS_ -Wdeprecated-objc-isa-usage -Werror=deprecated-objc-isa-usage -Werror=implicit-function-declaration -Eonly -disable-free -disable-llvm-verifier -discard-value-names -main-file-name _test_.c -mrelocation-model pic -pic-level 2 -mframe-pointer=all -fno-strict-return -fno-rounding-math -munwind-tables -target-sdk-version=12.3 -fvisibility-inlines-hidden-static-local-var -target-cpu penryn -tune-cpu generic -debugger-tuning=lldb -target-linker-version 763 -v -resource-dir /Library/Developer/CommandLineTools/usr/lib/clang/13.1.6 -w -dependency-file - -skip-unused-modulemap-deps -MT _test_.o -isysroot /Library/Developer/CommandLineTools/SDKs/MacOSX.sdk -I/usr/local/include -internal-isystem /Library/Developer/CommandLineTools/SDKs/MacOSX.sdk/usr/local/include -internal-isystem /Library/Developer/CommandLineTools/usr/lib/clang/13.1.6/include -internal-externc-isystem /Library/Developer/CommandLineTools/SDKs/MacOSX.sdk/usr/include -internal-externc-isystem /Library/Developer/CommandLineTools/usr/include -Wno-reorder-init-list -Wno-implicit-int-float-conversion -Wno-c99-designator -Wno-final-dtor-non-final-class -Wno-extra-semi-stmt -Wno-misleading-indentation -Wno-quoted-include-in-framework-header -Wno-implicit-fallthrough -Wno-enum-enum-conversion -Wno-enum-float-conversion -Wno-elaborated-enum-base -Wno-reserved-identifier -Wno-gnu-folding-constant -Wno-objc-load-method -fdebug-compilation-dir=/Users/Fetiu/GitHub/lowusb/sdcc -ferror-limit 19 -stack-protector 1 -fstack-check -mdarwin-stkchk-strong-link -fblocks -fencode-extended-block-signature -fregister-global-dtors-with-atexit -fgnuc-version=4.2.1 -fmax-type-align=16 -fcommon -clang-vendor-feature=+messageToSelfInClassMethodIdReturnType -clang-vendor-feature=+disableInferNewAvailabilityFromInit -clang-vendor-feature=+disableNonDependentMemberExprInCurrentInstantiation -fno-odr-hash-protocols -clang-vendor-feature=+enableAggressiveVLAFolding -clang-vendor-feature=+revert09abecef7bbf -clang-vendor-feature=+thisNoAlignAttr -clang-vendor-feature=+thisNoNullAttr -mllvm -disable-aligned-alloc-awareness=1 -D__GCC_HAVE_DWARF2_CFI_ASM=1 -x c _test_.c
clang -cc1 version 13.1.6 (clang-1316.0.21.2.5) default target x86_64-apple-darwin21.5.0
ignoring nonexistent directory "/Library/Developer/CommandLineTools/SDKs/MacOSX.sdk/usr/local/include"
ignoring nonexistent directory "/Library/Developer/CommandLineTools/SDKs/MacOSX.sdk/Library/Frameworks"
#include "..." search starts here:
#include <...> search starts here:
 /usr/local/include
 /Library/Developer/CommandLineTools/usr/lib/clang/13.1.6/include
 /Library/Developer/CommandLineTools/SDKs/MacOSX.sdk/usr/include
 /Library/Developer/CommandLineTools/usr/include
 /Library/Developer/CommandLineTools/SDKs/MacOSX.sdk/System/Library/Frameworks (framework directory)
End of search list.
_test_.o: _test_.c
configure:5048: result: -MM
configure:5055: checking whether C accepts -ggdb
configure:5075: gcc -c -ggdb  conftest.c >&5
configure:5075: $? = 0
configure:5084: result: yes
configure:5096: checking whether C accepts -pipe
configure:5116: gcc -c -pipe  conftest.c >&5
configure:5116: $? = 0
configure:5125: result: yes
configure:5195: checking whether C accepts -fms-extensions
configure:5215: gcc -c -fms-extensions  conftest.c >&5
configure:5215: $? = 0
configure:5224: result: yes
configure:5231: checking whether C supports tag in unnamed struct
configure:5265: gcc -c -fms-extensions -pipe -ggdb -g -O2  conftest.c >&5
conftest.c:36:3: warning: anonymous structs are a Microsoft extension [-Wmicrosoft-anon-tag]
  struct s1;
  ^
1 warning generated.
configure:5265: $? = 0
configure:5282: result: yes
configure:5288: checking return type of signal handlers
configure:5306: gcc -c -fms-extensions -pipe -ggdb -g -O2  conftest.c >&5
conftest.c:37:8: error: indirection requires pointer operand ('void' invalid)
return *(signal (0, 0)) (0) == 1;
       ^~~~~~~~~~~~~~~~~~~~
1 error generated.
configure:5306: $? = 1
configure: failed program was:
| /* confdefs.h */
| #define PACKAGE_NAME ""
| #define PACKAGE_TARNAME ""
| #define PACKAGE_VERSION ""
| #define PACKAGE_STRING ""
| #define PACKAGE_BUGREPORT ""
| #define PACKAGE_URL ""
| #define SDCC_VERSION_LO 4
| #define SDCC_VERSION_HI 3
| #define SDCC_VERSION_P 1
| #define SDCC_VERSION_STR "3.4.1"
| #define STDC_HEADERS 1
| #define HAVE_SYS_TYPES_H 1
| #define HAVE_SYS_STAT_H 1
| #define HAVE_STDLIB_H 1
| #define HAVE_STRING_H 1
| #define HAVE_MEMORY_H 1
| #define HAVE_STRINGS_H 1
| #define HAVE_INTTYPES_H 1
| #define HAVE_STDINT_H 1
| #define HAVE_UNISTD_H 1
| #define HAVE_MACHINE_ENDIAN_H 1
| #define HAVE_BOOST_GRAPH_ADJACENCY_LIST_HPP 1
| #define HAVE_STRERROR 1
| #define HAVE_VSNPRINTF 1
| #define HAVE_SNPRINTF 1
| #define HAVE_VSPRINTF 1
| #define HAVE_MKSTEMP 1
| #define UNNAMED_STRUCT_TAG 1
| /* end confdefs.h.  */
| #include <sys/types.h>
| #include <signal.h>
| 
| int
| main ()
| {
| return *(signal (0, 0)) (0) == 1;
|   ;
|   return 0;
| }
configure:5313: result: void
configure:5326: checking size of char
configure:5331: gcc -o conftest -fms-extensions -pipe -ggdb -g -O2   conftest.c  >&5
configure:5331: $? = 0
configure:5331: ./conftest
configure:5331: $? = 0
configure:5346: result: 1
configure:5360: checking size of short
configure:5365: gcc -o conftest -fms-extensions -pipe -ggdb -g -O2   conftest.c  >&5
configure:5365: $? = 0
configure:5365: ./conftest
configure:5365: $? = 0
configure:5380: result: 2
configure:5394: checking size of int
configure:5399: gcc -o conftest -fms-extensions -pipe -ggdb -g -O2   conftest.c  >&5
configure:5399: $? = 0
configure:5399: ./conftest
configure:5399: $? = 0
configure:5414: result: 4
configure:5428: checking size of long
configure:5433: gcc -o conftest -fms-extensions -pipe -ggdb -g -O2   conftest.c  >&5
configure:5433: $? = 0
configure:5433: ./conftest
configure:5433: $? = 0
configure:5448: result: 8
configure:5462: checking size of long long
configure:5467: gcc -o conftest -fms-extensions -pipe -ggdb -g -O2   conftest.c  >&5
configure:5467: $? = 0
configure:5467: ./conftest
configure:5467: $? = 0
configure:5482: result: 8
configure:5492: checking whether char is unsigned
configure:5510: gcc -c -fms-extensions -pipe -ggdb -g -O2  conftest.c >&5
configure:5510: $? = 0
configure:5517: result: no
configure:5550: checking type name for byte
configure:5558: result: char
configure:5560: checking type name for word
configure:5563: result: short
configure:5565: checking type name for dword
configure:5568: result: int
configure:5570: checking type name for qword
configure:5573: result: long
configure:5620: checking whether byte ordering is bigendian
configure:5635: gcc -c -fms-extensions -pipe -ggdb -g -O2  conftest.c >&5
configure:5635: $? = 0
configure:5680: gcc -c -fms-extensions -pipe -ggdb -g -O2  conftest.c >&5
configure:5680: $? = 0
configure:5698: gcc -c -fms-extensions -pipe -ggdb -g -O2  conftest.c >&5
conftest.c:52:4: error: use of undeclared identifier 'not'
                 not big endian
                 ^
1 error generated.
configure:5698: $? = 1
configure: failed program was:
| /* confdefs.h */
| #define PACKAGE_NAME ""
| #define PACKAGE_TARNAME ""
| #define PACKAGE_VERSION ""
| #define PACKAGE_STRING ""
| #define PACKAGE_BUGREPORT ""
| #define PACKAGE_URL ""
| #define SDCC_VERSION_LO 4
| #define SDCC_VERSION_HI 3
| #define SDCC_VERSION_P 1
| #define SDCC_VERSION_STR "3.4.1"
| #define STDC_HEADERS 1
| #define HAVE_SYS_TYPES_H 1
| #define HAVE_SYS_STAT_H 1
| #define HAVE_STDLIB_H 1
| #define HAVE_STRING_H 1
| #define HAVE_MEMORY_H 1
| #define HAVE_STRINGS_H 1
| #define HAVE_INTTYPES_H 1
| #define HAVE_STDINT_H 1
| #define HAVE_UNISTD_H 1
| #define HAVE_MACHINE_ENDIAN_H 1
| #define HAVE_BOOST_GRAPH_ADJACENCY_LIST_HPP 1
| #define HAVE_STRERROR 1
| #define HAVE_VSNPRINTF 1
| #define HAVE_SNPRINTF 1
| #define HAVE_VSPRINTF 1
| #define HAVE_MKSTEMP 1
| #define UNNAMED_STRUCT_TAG 1
| #define RETSIGTYPE void
| #define SIZEOF_CHAR 1
| #define SIZEOF_SHORT 2
| #define SIZEOF_INT 4
| #define SIZEOF_LONG 8
| #define SIZEOF_LONG_LONG 8
| #define TYPE_BYTE char
| #define TYPE_WORD short
| #define TYPE_DWORD int
| #define TYPE_QWORD long
| #define TYPE_UBYTE unsigned char
| #define TYPE_UWORD unsigned short
| #define TYPE_UDWORD unsigned int
| #define TYPE_UQWORD unsigned long
| /* end confdefs.h.  */
| #include <sys/types.h>
| 		#include <sys/param.h>
| 
| int
| main ()
| {
| #if BYTE_ORDER != BIG_ENDIAN
| 		 not big endian
| 		#endif
| 
|   ;
|   return 0;
| }
configure:5826: result: no
configure:7106: checking for lyx
configure:7134: result: :
configure:7144: checking for latex2html
configure:7172: result: :
configure:7182: checking for pdflatex
configure:7210: result: :
configure:7220: checking for pdfopt
configure:7248: result: :
configure:7258: checking for makeindex
configure:7286: result: :
configure:7619: creating ./config.status

## ---------------------- ##
## Running config.status. ##
## ---------------------- ##

This file was extended by config.status, which was
generated by GNU Autoconf 2.64.  Invocation command line was

  CONFIG_FILES    = 
  CONFIG_HEADERS  = 
  CONFIG_LINKS    = 
  CONFIG_COMMANDS = 
  $ ./config.status 

on MacBonsok.local

config.status:990: creating doc/Makefile
config.status:990: creating src/hc08/Makefile
config.status:990: creating sdas/as6808/Makefile
config.status:990: creating device/lib/hc08/Makefile
config.status:990: creating device/lib/s08/Makefile
config.status:990: creating src/mcs51/Makefile
config.status:990: creating sdas/as8051/Makefile
config.status:990: creating device/lib/mcs51/Makefile
config.status:990: creating device/lib/small/Makefile
config.status:990: creating device/lib/medium/Makefile
config.status:990: creating device/lib/large/Makefile
config.status:990: creating device/lib/huge/Makefile
config.status:990: creating src/z80/Makefile
config.status:990: creating sdas/asrab/Makefile
config.status:990: creating device/lib/r2k/Makefile
config.status:990: creating device/lib/r3ka/Makefile
config.status:990: creating sdas/astlcs90/Makefile
config.status:990: creating device/lib/tlcs90/Makefile
config.status:990: creating src/stm8/Makefile
config.status:990: creating sdas/asstm8/Makefile
config.status:990: creating device/lib/stm8/Makefile
config.status:990: creating device/lib/Makefile
config.status:990: creating device/non-free/lib/Makefile
config.status:990: creating main.mk
config.status:990: creating src/Makefile
config.status:990: creating device/include/Makefile
config.status:990: creating sdas/linksrc/Makefile
config.status:990: creating support/librarian/Makefile
config.status:990: creating support/makebin/Makefile
config.status:990: creating support/regression/Makefile
config.status:990: creating support/valdiag/Makefile
config.status:990: creating support/scripts/Makefile
config.status:990: creating support/regression/ports/host/spec.mk
config.status:990: creating Makefile
config.status:990: creating Makefile.common
config.status:990: creating device/non-free/include/Makefile
config.status:990: creating sdccconf.h
config.status:1156: sdccconf.h is unchanged
config.status:990: creating sdas/linksrc/asxxxx_config.h
config.status:1156: sdas/linksrc/asxxxx_config.h is unchanged
configure:8888: === configuring in support/cpp (/Users/Fetiu/GitHub/lowusb/sdcc/support/cpp)
configure:8951: running /bin/sh ./configure --disable-option-checking '--prefix=/usr/local'  '--disable-gbz80-port' '--disable-z80-port' '--disable-ds390-port' '--disable-ds400-port' '--disable-pic14-port' '--disable-pic16-port' '--disable-hc08-port' '--disable-r2k-port' '--disable-z180-port' '--disable-sdcdb' '--disable-ucsim' '--disable-werror' 'docdir=${datarootdir}/doc/${PACKAGE}' --cache-file=/dev/null --srcdir=.
configure:8888: === configuring in support/packihx (/Users/Fetiu/GitHub/lowusb/sdcc/support/packihx)
configure:8951: running /bin/sh ./configure --disable-option-checking '--prefix=/usr/local'  '--disable-gbz80-port' '--disable-z80-port' '--disable-ds390-port' '--disable-ds400-port' '--disable-pic14-port' '--disable-pic16-port' '--disable-hc08-port' '--disable-r2k-port' '--disable-z180-port' '--disable-sdcdb' '--disable-ucsim' '--disable-werror' 'docdir=${datarootdir}/doc/${PACKAGE}' --cache-file=/dev/null --srcdir=.
configure:8888: === configuring in support/sdbinutils (/Users/Fetiu/GitHub/lowusb/sdcc/support/sdbinutils)
configure:8951: running /bin/sh ./configure --disable-option-checking '--prefix=/usr/local'  '--disable-gbz80-port' '--disable-z80-port' '--disable-ds390-port' '--disable-ds400-port' '--disable-pic14-port' '--disable-pic16-port' '--disable-hc08-port' '--disable-r2k-port' '--disable-z180-port' '--disable-sdcdb' '--disable-ucsim' '--disable-werror' 'docdir=${datarootdir}/doc/${PACKAGE}' --cache-file=/dev/null --srcdir=.
configure:9254: result:
sdcc 3.4.1 is now configured for

  Build:                x86_64-apple-darwin21.5.0
  Host:                 x86_64-apple-darwin21.5.0
  Source directory:     .
  C compiler:           gcc
  CFLAGS:               -fms-extensions -pipe -ggdb -g -O2
  C++ compiler:         g++
  CXXFLAGS:             -pipe -ggdb -g -O2
  CPPFLAGS:             
  LDFLAGS:              

  ENABLED Ports:
    ds390               no
    ds400               no
    hc08                no
    s08                 yes
    mcs51               yes
    pic14               no
    pic16               no
    z80                 no
    z180                no
    r2k                 no
    r3ka                yes
    gbz80               no
    tlcs90              yes
    stm8                yes

  Disable non-free lib: 0
  Disable packihx:      0
  Disable ucsim:        1
  Disable device lib:   0
  Disable sdcpp:        0
  Disable sdcdb:        1
  Disable sdbinutil:    0
  Enable documentation: 0
  Enable libgc:         0

  Install paths:
    binary files:       ${prefix}
    include files:      ${datarootdir}/sdcc/include
    non-free include files: ${datarootdir}/sdcc/non-free/include
    library files:      ${datarootdir}/sdcc/lib
    non-free library files: ${datarootdir}/sdcc/non-free/lib
    documentation:      ${datarootdir}/doc/${PACKAGE}

    prefix:             /usr/local
    datadir:            ${datarootdir}
    datarootdir:        ${prefix}/share

  Search paths (incomplete, see manual for all search paths):
    binary files:       $SDCC_HOME/bin
    include files:      /share/sdcc/include
                        path(argv[0])/../share/sdcc/include
                        /usr/local/share/sdcc/include
                        /share/sdcc/non-free/include
                        path(argv[0])/../share/sdcc/non-free/include
                        /usr/local/share/sdcc/non-free/include
    library files:      $SDCC_HOME/share/sdcc/lib/<model>
                        path(argv[0])/../share/sdcc/lib/<model>
                        /usr/local/share/sdcc/lib/<model>
                        $SDCC_HOME/share/sdcc/non-free/lib/<model>
                        path(argv[0])/../share/sdcc/non-free/lib/<model>
                        /usr/local/share/sdcc/non-free/lib/<model>


## ---------------- ##
## Cache variables. ##
## ---------------- ##

ac_cv_build=x86_64-apple-darwin21.5.0
ac_cv_c_bigendian=no
ac_cv_c_char_unsigned=no
ac_cv_c_compiler_gnu=yes
ac_cv_cxx_compiler_gnu=yes
ac_cv_env_CCC_set=
ac_cv_env_CCC_value=
ac_cv_env_CC_set=
ac_cv_env_CC_value=
ac_cv_env_CFLAGS_set=
ac_cv_env_CFLAGS_value=
ac_cv_env_CPPFLAGS_set=
ac_cv_env_CPPFLAGS_value=
ac_cv_env_CPP_set=
ac_cv_env_CPP_value=
ac_cv_env_CXXCPP_set=
ac_cv_env_CXXCPP_value=
ac_cv_env_CXXFLAGS_set=
ac_cv_env_CXXFLAGS_value=
ac_cv_env_CXX_set=
ac_cv_env_CXX_value=
ac_cv_env_LDFLAGS_set=
ac_cv_env_LDFLAGS_value=
ac_cv_env_LIBS_set=
ac_cv_env_LIBS_value=
ac_cv_env_LIB_TYPE_set=
ac_cv_env_LIB_TYPE_value=
ac_cv_env_build_alias_set=
ac_cv_env_build_alias_value=
ac_cv_env_docdir_set=set
ac_cv_env_docdir_value='${datarootdir}/doc/${PACKAGE}'
ac_cv_env_host_alias_set=
ac_cv_env_host_alias_value=
ac_cv_env_include_dir_suffix_set=
ac_cv_env_include_dir_suffix_value=
ac_cv_env_lib_dir_suffix_set=
ac_cv_env_lib_dir_suffix_value=
ac_cv_env_non_free_include_dir_suffix_set=
ac_cv_env_non_free_include_dir_suffix_value=
ac_cv_env_non_free_lib_dir_suffix_set=
ac_cv_env_non_free_lib_dir_suffix_value=
ac_cv_env_sdccconf_h_dir_separator_set=
ac_cv_env_sdccconf_h_dir_separator_value=
ac_cv_env_target_alias_set=
ac_cv_env_target_alias_value=
ac_cv_func_mkstemp=yes
ac_cv_func_snprintf=yes
ac_cv_func_strerror=yes
ac_cv_func_vsnprintf=yes
ac_cv_func_vsprintf=yes
ac_cv_header_boost_graph_adjacency_list_hpp=yes
ac_cv_header_endian_h=no
ac_cv_header_inttypes_h=yes
ac_cv_header_machine_endian_h=yes
ac_cv_header_memory_h=yes
ac_cv_header_stdc=yes
ac_cv_header_stdint_h=yes
ac_cv_header_stdlib_h=yes
ac_cv_header_string_h=yes
ac_cv_header_strings_h=yes
ac_cv_header_stx_btree_map_h=no
ac_cv_header_stx_btree_set_h=no
ac_cv_header_sys_endian_h=no
ac_cv_header_sys_isa_defs_h=no
ac_cv_header_sys_stat_h=yes
ac_cv_header_sys_types_h=yes
ac_cv_header_unistd_h=yes
ac_cv_host=x86_64-apple-darwin21.5.0
ac_cv_objext=o
ac_cv_path_EGREP='/usr/bin/grep -E'
ac_cv_path_GREP=/usr/bin/grep
ac_cv_path_install='/usr/bin/install -c'
ac_cv_prog_AR=ar
ac_cv_prog_AS=as
ac_cv_prog_AUTOCONF=autoconf
ac_cv_prog_AWK=awk
ac_cv_prog_CP=cp
ac_cv_prog_CPP='gcc -E'
ac_cv_prog_CXXCPP='g++ -E'
ac_cv_prog_LATEX2HTML=:
ac_cv_prog_LEX=flex
ac_cv_prog_LYX=:
ac_cv_prog_MAKEINDEX=:
ac_cv_prog_PDFLATEX=:
ac_cv_prog_PDFOPT=:
ac_cv_prog_STRIP=strip
ac_cv_prog_YACC='bison -y'
ac_cv_prog_ac_ct_CC=gcc
ac_cv_prog_ac_ct_CXX=g++
ac_cv_prog_ac_ct_RANLIB=ranlib
ac_cv_prog_cc_c89=
ac_cv_prog_cc_g=yes
ac_cv_prog_cxx_g=yes
ac_cv_sizeof_char=1
ac_cv_sizeof_int=4
ac_cv_sizeof_long=8
ac_cv_sizeof_long_long=8
ac_cv_sizeof_short=2
ac_cv_type_signal=void
sdcc_cv_MM=-MM
sdcc_cv_c_fms_extensions=yes
sdcc_cv_c_ggdb=yes
sdcc_cv_c_pipe=yes
sdcc_cv_c_unnamed_struct_tag=yes
sdcc_cv_version=3.4.1
sdcc_cv_versionhi=3
sdcc_cv_versionlo=4
sdcc_cv_versionp=1

## ----------------- ##
## Output variables. ##
## ----------------- ##

AR='ar'
AS='as'
AUTOCONF='autoconf'
AWK='awk'
C99_FLAG='--std=c99'
CC='gcc'
CCACHE=''
CFLAGS='-fms-extensions -pipe -ggdb -g -O2'
CP='cp'
CPP='gcc -E'
CPPFLAGS=''
CXX='g++'
CXXCPP='g++ -E'
CXXFLAGS='-pipe -ggdb -g -O2'
DEFS='-DHAVE_CONFIG_H'
ECHO_C='\c'
ECHO_N=''
ECHO_T=''
EGREP='/usr/bin/grep -E'
EXEEXT=''
GREP='/usr/bin/grep'
INSTALL_DATA='${INSTALL} -m 644'
INSTALL_PROGRAM='${INSTALL}'
INSTALL_SCRIPT='${INSTALL}'
LATEX2HTML=':'
LDFLAGS=''
LEX='flex'
LIBOBJS=''
LIBS=''
LIB_TYPE='RANLIB'
LTLIBOBJS=''
LYX=':'
MAKEDEP='gcc -MM'
MAKEINDEX=':'
OBJEXT='o'
OPT_DISABLE_AVR='1'
OPT_DISABLE_DEVICE_LIB='0'
OPT_DISABLE_DS390='1'
OPT_DISABLE_DS400='1'
OPT_DISABLE_GBZ80='1'
OPT_DISABLE_HC08='1'
OPT_DISABLE_MCS51='0'
OPT_DISABLE_NON_FREE='0'
OPT_DISABLE_PACKIHX='0'
OPT_DISABLE_PIC14='1'
OPT_DISABLE_PIC16='1'
OPT_DISABLE_R2K='1'
OPT_DISABLE_R3KA='0'
OPT_DISABLE_S08='0'
OPT_DISABLE_SDBINUTILS='0'
OPT_DISABLE_SDCDB='1'
OPT_DISABLE_SDCPP='0'
OPT_DISABLE_STM8='0'
OPT_DISABLE_TLCS90='0'
OPT_DISABLE_UCSIM='1'
OPT_DISABLE_XA51='1'
OPT_DISABLE_Z180='1'
OPT_DISABLE_Z80='1'
OPT_ENABLE_DOC='0'
OPT_ENABLE_LIBGC='0'
PACKAGE='sdcc'
PACKAGE_BUGREPORT=''
PACKAGE_NAME=''
PACKAGE_STRING=''
PACKAGE_TARNAME=''
PACKAGE_URL=''
PACKAGE_VERSION=''
PATH_SEPARATOR=':'
PDFLATEX=':'
PDFOPT=':'
RANLIB='ranlib'
SHELL='/bin/sh'
STRIP='strip'
VERSION='3.4.1'
VERSIONHI='3'
VERSIONLO='4'
VERSIONP='1'
WALL_FLAG='-Wall -Wno-parentheses'
YACC='bison -y'
ac_ct_CC='gcc'
ac_ct_CXX='g++'
bindir='${exec_prefix}/bin'
build='x86_64-apple-darwin21.5.0'
build_alias=''
build_cpu='x86_64'
build_os='darwin21.5.0'
build_vendor='apple'
datadir='${datarootdir}'
datarootdir='${prefix}/share'
docdir='${datarootdir}/doc/${PACKAGE}'
dvidir='${docdir}'
exec_prefix='${prefix}'
host='x86_64-apple-darwin21.5.0'
host_alias=''
host_cpu='x86_64'
host_os='darwin21.5.0'
host_vendor='apple'
htmldir='${docdir}'
include_dir_suffix='sdcc/include'
includedir='${prefix}/include'
infodir='${datarootdir}/info'
lib_dir_suffix='sdcc/lib'
libdir='${exec_prefix}/lib'
libexecdir='${exec_prefix}/libexec'
localedir='${datarootdir}/locale'
localstatedir='${prefix}/var'
mandir='${datarootdir}/man'
non_free_include_dir_suffix='sdcc/non-free/include'
non_free_lib_dir_suffix='sdcc/non-free/lib'
oldincludedir='/usr/include'
pdfdir='${docdir}'
prefix='/usr/local'
program_transform_name='s,x,x,'
psdir='${docdir}'
sbindir='${exec_prefix}/sbin'
sdccconf_h_dir_separator='/'
sharedstatedir='${prefix}/com'
subdirs=' support/cpp support/packihx support/sdbinutils'
sysconfdir='${prefix}/etc'
target_alias=''

## ----------- ##
## confdefs.h. ##
## ----------- ##

/* confdefs.h */
#define PACKAGE_NAME ""
#define PACKAGE_TARNAME ""
#define PACKAGE_VERSION ""
#define PACKAGE_STRING ""
#define PACKAGE_BUGREPORT ""
#define PACKAGE_URL ""
#define SDCC_VERSION_LO 4
#define SDCC_VERSION_HI 3
#define SDCC_VERSION_P 1
#define SDCC_VERSION_STR "3.4.1"
#define STDC_HEADERS 1
#define HAVE_SYS_TYPES_H 1
#define HAVE_SYS_STAT_H 1
#define HAVE_STDLIB_H 1
#define HAVE_STRING_H 1
#define HAVE_MEMORY_H 1
#define HAVE_STRINGS_H 1
#define HAVE_INTTYPES_H 1
#define HAVE_STDINT_H 1
#define HAVE_UNISTD_H 1
#define HAVE_MACHINE_ENDIAN_H 1
#define HAVE_BOOST_GRAPH_ADJACENCY_LIST_HPP 1
#define HAVE_STRERROR 1
#define HAVE_VSNPRINTF 1
#define HAVE_SNPRINTF 1
#define HAVE_VSPRINTF 1
#define HAVE_MKSTEMP 1
#define UNNAMED_STRUCT_TAG 1
#define RETSIGTYPE void
#define SIZEOF_CHAR 1
#define SIZEOF_SHORT 2
#define SIZEOF_INT 4
#define SIZEOF_LONG 8
#define SIZEOF_LONG_LONG 8
#define TYPE_BYTE char
#define TYPE_WORD short
#define TYPE_DWORD int
#define TYPE_QWORD long
#define TYPE_UBYTE unsigned char
#define TYPE_UWORD unsigned short
#define TYPE_UDWORD unsigned int
#define TYPE_UQWORD unsigned long
#define DIR_SEPARATOR_STRING "/"
#define DIR_SEPARATOR_CHAR '/'
#define PREFIX "/usr/local"
#define EXEC_PREFIX "/usr/local"
#define BINDIR "/usr/local/bin"
#define DATADIR "/usr/local/share"
#define INCLUDE_DIR_SUFFIX DIR_SEPARATOR_STRING "sdcc/include"
#define NON_FREE_INCLUDE_DIR_SUFFIX DIR_SEPARATOR_STRING "sdcc/non-free/include"
#define LIB_DIR_SUFFIX DIR_SEPARATOR_STRING "sdcc/lib"
#define NON_FREE_LIB_DIR_SUFFIX DIR_SEPARATOR_STRING "sdcc/non-free/lib"
#define BIN2DATA_DIR DIR_SEPARATOR_STRING "../share"
#define PREFIX2BIN_DIR DIR_SEPARATOR_STRING "bin"
#define PREFIX2DATA_DIR DIR_SEPARATOR_STRING "share"
#define STD_LIB "libsdcc"
#define STD_INT_LIB "libint"
#define STD_LONG_LIB "liblong"
#define STD_FP_LIB "libfloat"
#define STD_DS390_LIB "libds390"
#define STD_DS400_LIB "libds400"
#define SDCC_DIR_NAME "SDCC_HOME"
#define SDCC_INCLUDE_NAME "SDCC_INCLUDE"
#define SDCC_LIB_NAME "SDCC_LIB"
#define OPT_DISABLE_MCS51 0
#define OPT_DISABLE_Z80 1
#define OPT_DISABLE_Z180 1
#define OPT_DISABLE_R2K 1
#define OPT_DISABLE_R3KA 0
#define OPT_DISABLE_GBZ80 1
#define OPT_DISABLE_TLCS90 0
#define OPT_DISABLE_DS390 1
#define OPT_DISABLE_TININative 1
#define OPT_DISABLE_DS400 1
#define OPT_DISABLE_PIC14 1
#define OPT_DISABLE_PIC16 1
#define OPT_DISABLE_HC08 1
#define OPT_DISABLE_S08 0
#define OPT_DISABLE_STM8 0
#define OPT_DISABLE_AVR 1
#define OPT_DISABLE_XA51 1
#define OPT_DISABLE_UCSIM 1
#define OPT_DISABLE_DEVICE_LIB 0
#define OPT_DISABLE_PACKIHX 0
#define OPT_DISABLE_SDCPP 0
#define OPT_DISABLE_SDCDB 1
#define OPT_DISABLE_SDBINUTILS 0
#define OPT_DISABLE_NON_FREE 0
#define OPT_ENABLE_DOC 0
#define OPT_ENABLE_LIBGC 0

configure: exit 0
